{
  "RSpec": {
    "coverage": {
      "/csce431/ExchangeNomination/ExchangeNomination/config/environment.rb": {
        "lines": [
          null,
          1,
          null,
          null,
          1
        ]
      },
      "/csce431/ExchangeNomination/ExchangeNomination/config/application.rb": {
        "lines": [
          1,
          null,
          1,
          null,
          null,
          null,
          1,
          null,
          1,
          1,
          null,
          1,
          null,
          null,
          null,
          null,
          null,
          null,
          null,
          null,
          null,
          null
        ]
      },
      "/csce431/ExchangeNomination/ExchangeNomination/config/boot.rb": {
        "lines": [
          1,
          null,
          1,
          1
        ]
      },
      "/csce431/ExchangeNomination/ExchangeNomination/config/environments/test.rb": {
        "lines": [
          1,
          null,
          null,
          null,
          null,
          null,
          null,
          1,
          null,
          null,
          1,
          1,
          null,
          null,
          null,
          null,
          1,
          null,
          null,
          1,
          1,
          null,
          null,
          null,
          null,
          1,
          1,
          1,
          null,
          null,
          1,
          null,
          null,
          1,
          null,
          null,
          1,
          null,
          1,
          null,
          null,
          null,
          null,
          1,
          null,
          null,
          1,
          null,
          null,
          1,
          null,
          null,
          1,
          null,
          null,
          null,
          null,
          null,
          null,
          1,
          1,
          1,
          null,
          null,
          null,
          null,
          null,
          null,
          null,
          null,
          null,
          null,
          null,
          null,
          null,
          null,
          null,
          null,
          null
        ]
      },
      "/csce431/ExchangeNomination/ExchangeNomination/config/initializers/application_controller_renderer.rb": {
        "lines": [
          null,
          null,
          null,
          null,
          null,
          null,
          null,
          null
        ]
      },
      "/csce431/ExchangeNomination/ExchangeNomination/config/initializers/assets.rb": {
        "lines": [
          null,
          null,
          null,
          1,
          null,
          null,
          null,
          null,
          1,
          null,
          null,
          null,
          null,
          null
        ]
      },
      "/csce431/ExchangeNomination/ExchangeNomination/config/initializers/backtrace_silencers.rb": {
        "lines": [
          null,
          null,
          null,
          null,
          null,
          null,
          null,
          1
        ]
      },
      "/csce431/ExchangeNomination/ExchangeNomination/config/initializers/content_security_policy.rb": {
        "lines": [
          null,
          null,
          null,
          null,
          null,
          null,
          null,
          null,
          null,
          null,
          null,
          null,
          null,
          null,
          null,
          null,
          null,
          null,
          null,
          null,
          null,
          null,
          null,
          null,
          null,
          null,
          null,
          null,
          null,
          null
        ]
      },
      "/csce431/ExchangeNomination/ExchangeNomination/config/initializers/cookies_serializer.rb": {
        "lines": [
          null,
          null,
          null,
          null,
          1
        ]
      },
      "/csce431/ExchangeNomination/ExchangeNomination/config/initializers/devise.rb": {
        "lines": [
          null,
          null,
          null,
          null,
          null,
          null,
          null,
          null,
          null,
          null,
          1,
          null,
          null,
          null,
          null,
          null,
          null,
          1,
          1,
          null,
          null,
          null,
          null,
          null,
          null,
          null,
          null,
          1,
          null,
          null,
          null,
          null,
          null,
          null,
          null,
          null,
          null,
          null,
          null,
          1,
          null,
          null,
          null,
          null,
          null,
          null,
          null,
          null,
          null,
          null,
          null,
          null,
          null,
          null,
          null,
          null,
          null,
          null,
          null,
          null,
          null,
          1,
          null,
          null,
          null,
          null,
          1,
          null,
          null,
          null,
          null,
          null,
          null,
          null,
          null,
          null,
          null,
          null,
          null,
          null,
          null,
          null,
          null,
          null,
          null,
          null,
          null,
          null,
          null,
          null,
          null,
          null,
          null,
          null,
          null,
          null,
          null,
          null,
          null,
          null,
          1,
          null,
          null,
          null,
          null,
          null,
          null,
          null,
          null,
          null,
          null,
          null,
          null,
          null,
          null,
          null,
          null,
          null,
          null,
          null,
          null,
          null,
          null,
          null,
          null,
          null,
          1,
          null,
          null,
          null,
          null,
          null,
          null,
          null,
          null,
          null,
          null,
          null,
          null,
          null,
          null,
          null,
          null,
          null,
          null,
          null,
          null,
          null,
          null,
          null,
          null,
          null,
          null,
          null,
          null,
          null,
          null,
          null,
          null,
          null,
          1,
          null,
          null,
          null,
          null,
          null,
          null,
          null,
          null,
          null,
          1,
          null,
          null,
          null,
          null,
          null,
          null,
          null,
          null,
          null,
          null,
          1,
          null,
          null,
          null,
          null,
          1,
          null,
          null,
          null,
          null,
          null,
          null,
          null,
          null,
          null,
          null,
          null,
          null,
          null,
          null,
          null,
          null,
          null,
          null,
          null,
          null,
          null,
          null,
          null,
          null,
          null,
          null,
          null,
          null,
          null,
          null,
          null,
          null,
          null,
          null,
          null,
          null,
          null,
          null,
          null,
          null,
          1,
          null,
          null,
          null,
          null,
          null,
          null,
          null,
          null,
          null,
          null,
          null,
          null,
          null,
          null,
          null,
          null,
          null,
          null,
          null,
          null,
          null,
          null,
          null,
          null,
          null,
          null,
          null,
          null,
          null,
          null,
          null,
          null,
          null,
          null,
          null,
          null,
          null,
          null,
          null,
          null,
          null,
          1,
          null,
          null,
          null,
          null,
          null,
          null,
          null,
          null,
          null,
          null,
          null,
          null,
          null,
          null,
          null,
          null,
          null,
          null,
          null,
          null,
          null,
          null,
          null,
          null,
          null,
          null,
          null,
          null,
          null,
          null,
          null,
          null,
          null,
          null,
          null,
          null,
          null,
          null,
          null,
          null,
          null,
          null
        ]
      },
      "/csce431/ExchangeNomination/ExchangeNomination/config/initializers/filter_parameter_logging.rb": {
        "lines": [
          null,
          null,
          null,
          1,
          null,
          null
        ]
      },
      "/csce431/ExchangeNomination/ExchangeNomination/config/initializers/inflections.rb": {
        "lines": [
          null,
          null,
          null,
          null,
          null,
          null,
          null,
          null,
          null,
          null,
          null,
          null,
          null,
          null,
          null,
          null
        ]
      },
      "/csce431/ExchangeNomination/ExchangeNomination/config/initializers/mime_types.rb": {
        "lines": [
          null,
          null,
          null,
          null
        ]
      },
      "/csce431/ExchangeNomination/ExchangeNomination/config/initializers/permissions_policy.rb": {
        "lines": [
          null,
          null,
          null,
          null,
          null,
          null,
          null,
          null,
          null,
          null,
          null
        ]
      },
      "/csce431/ExchangeNomination/ExchangeNomination/config/initializers/wrap_parameters.rb": {
        "lines": [
          null,
          null,
          null,
          null,
          null,
          null,
          1,
          2,
          null,
          null,
          null,
          null,
          null,
          null
        ]
      },
      "/csce431/ExchangeNomination/ExchangeNomination/config/routes.rb": {
        "lines": [
          1,
          1,
          1,
          1,
          1,
          1,
          1,
          null,
          null,
          null,
          1,
          1,
          1,
          1,
          1,
          null,
          null,
          1,
          1,
          1,
          1,
          1,
          1,
          1,
          null,
          1,
          1,
          1,
          1,
          1,
          null,
          null,
          null,
          1,
          1,
          1,
          1,
          1,
          null,
          1,
          1,
          1,
          null,
          1,
          1,
          null,
          null,
          1,
          1,
          1,
          1,
          1,
          1,
          1,
          null,
          1,
          1,
          1,
          1,
          1,
          null,
          null,
          null,
          null,
          1,
          1,
          1,
          1,
          1,
          1,
          1,
          1,
          null,
          1,
          1,
          null,
          null,
          null,
          null,
          1,
          1,
          1,
          null,
          null,
          null,
          null,
          1,
          1,
          1,
          1,
          1,
          null,
          null,
          1,
          1,
          1,
          null,
          1,
          1,
          null,
          null,
          null,
          1,
          1,
          1,
          1,
          1,
          1,
          1,
          null,
          null,
          null,
          null,
          null
        ]
      },
      "/csce431/ExchangeNomination/ExchangeNomination/app/models/admin.rb": {
        "lines": [
          1,
          1,
          null,
          1,
          56,
          56,
          null,
          null
        ]
      },
      "/csce431/ExchangeNomination/ExchangeNomination/app/models/application_record.rb": {
        "lines": [
          1,
          1,
          null
        ]
      },
      "/csce431/ExchangeNomination/ExchangeNomination/app/helpers/answers_helper.rb": {
        "lines": [
          1,
          null
        ]
      },
      "/csce431/ExchangeNomination/ExchangeNomination/app/helpers/application_helper.rb": {
        "lines": [
          1,
          null
        ]
      },
      "/csce431/ExchangeNomination/ExchangeNomination/app/helpers/authorizeds_helper.rb": {
        "lines": [
          1,
          null
        ]
      },
      "/csce431/ExchangeNomination/ExchangeNomination/app/helpers/questions_helper.rb": {
        "lines": [
          1,
          null
        ]
      },
      "/csce431/ExchangeNomination/ExchangeNomination/app/helpers/representatives_helper.rb": {
        "lines": [
          1,
          null
        ]
      },
      "/csce431/ExchangeNomination/ExchangeNomination/app/helpers/responses_helper.rb": {
        "lines": [
          1,
          null
        ]
      },
      "/csce431/ExchangeNomination/ExchangeNomination/app/helpers/students_helper.rb": {
        "lines": [
          1,
          null
        ]
      },
      "/csce431/ExchangeNomination/ExchangeNomination/app/helpers/universities_helper.rb": {
        "lines": [
          1,
          null
        ]
      },
      "/csce431/ExchangeNomination/ExchangeNomination/spec/unit/unit_spec.rb": {
        "lines": [
          1,
          1,
          null,
          1,
          1,
          7,
          7,
          7,
          null,
          null,
          1,
          1,
          null,
          null,
          1,
          1,
          1,
          null,
          null,
          1,
          1,
          1,
          null,
          null,
          1,
          1,
          1,
          null,
          null,
          1,
          1,
          1,
          null,
          null,
          1,
          1,
          1,
          null,
          null,
          1,
          1,
          1,
          1,
          null,
          1,
          1,
          1,
          null,
          null,
          null,
          null,
          null,
          null,
          null,
          1,
          1,
          1,
          null,
          1,
          1,
          1,
          null,
          1,
          1,
          1,
          null,
          1,
          1,
          1,
          null,
          1,
          1,
          1,
          null,
          1,
          1,
          1,
          null,
          1,
          1,
          1,
          null,
          null,
          null,
          null,
          null,
          null,
          1,
          1,
          1,
          null,
          null,
          null,
          1,
          1,
          4,
          null,
          null,
          1,
          1,
          null,
          null,
          1,
          1,
          1,
          null,
          null,
          1,
          1,
          1,
          null,
          null,
          1,
          1,
          1,
          null,
          null,
          null,
          null,
          null,
          null,
          null,
          null,
          null,
          null,
          null,
          null,
          null,
          1,
          1,
          10,
          10,
          10,
          10,
          10,
          null,
          null,
          1,
          1,
          null,
          null,
          1,
          1,
          1,
          null,
          null,
          1,
          1,
          1,
          null,
          null,
          1,
          1,
          1,
          null,
          null,
          1,
          1,
          1,
          null,
          null,
          1,
          1,
          1,
          null,
          null,
          1,
          1,
          1,
          null,
          null,
          1,
          1,
          1,
          null,
          null,
          1,
          1,
          1,
          null,
          null,
          1,
          1,
          1,
          1,
          null,
          1,
          1,
          1,
          null,
          1,
          1,
          1,
          null,
          1,
          1,
          1,
          null,
          1,
          1,
          1,
          null,
          1,
          1,
          1,
          null,
          1,
          1,
          1,
          null,
          1,
          1,
          1,
          null,
          1,
          1,
          1,
          null,
          1,
          1,
          1,
          null,
          null,
          null,
          1,
          1,
          2,
          null,
          null,
          1,
          1,
          null,
          null,
          1,
          1,
          1,
          null,
          null,
          null,
          1,
          1,
          3,
          3,
          3,
          null,
          null,
          1,
          1,
          null,
          null,
          1,
          1,
          1,
          null,
          null,
          1,
          1,
          1,
          null,
          null,
          null,
          1,
          1,
          2,
          2,
          2,
          2,
          2,
          2,
          2,
          null,
          null,
          1,
          1,
          null,
          null,
          1,
          1,
          1,
          null,
          null
        ]
      },
      "/csce431/ExchangeNomination/ExchangeNomination/app/models/representative.rb": {
        "lines": [
          1,
          1,
          1,
          1,
          1,
          null
        ]
      },
      "/csce431/ExchangeNomination/ExchangeNomination/app/models/university.rb": {
        "lines": [
          1,
          1,
          1,
          1,
          null
        ]
      },
      "/csce431/ExchangeNomination/ExchangeNomination/app/models/student.rb": {
        "lines": [
          1,
          1,
          1,
          1,
          1,
          1,
          null
        ]
      },
      "/csce431/ExchangeNomination/ExchangeNomination/app/models/question.rb": {
        "lines": [
          1,
          1,
          1,
          1,
          null
        ]
      },
      "/csce431/ExchangeNomination/ExchangeNomination/app/models/answer.rb": {
        "lines": [
          1,
          1,
          1,
          null
        ]
      },
      "/csce431/ExchangeNomination/ExchangeNomination/app/models/response.rb": {
        "lines": [
          1,
          1,
          1,
          null
        ]
      },
      "/csce431/ExchangeNomination/ExchangeNomination/app/models/authorized.rb": {
        "lines": [
          1,
          1,
          1,
          null
        ]
      },
      "/csce431/ExchangeNomination/ExchangeNomination/app/controllers/representatives_controller.rb": {
        "lines": [
          1,
          1,
          1,
          1,
          null,
          null,
          1,
          18,
          null,
          null,
          null,
          1,
          null,
          null,
          null,
          1,
          19,
          null,
          null,
          null,
          1,
          19,
          null,
          null,
          null,
          1,
          76,
          null,
          null,
          null,
          1,
          null,
          null,
          null,
          1,
          1,
          null,
          null,
          null,
          1,
          20,
          null,
          20,
          20,
          38,
          19,
          null,
          2,
          1,
          null,
          null,
          null,
          null,
          1,
          19,
          19,
          19,
          0,
          null,
          19,
          19,
          36,
          18,
          null,
          2,
          1,
          null,
          null,
          null,
          null,
          null,
          null,
          1,
          4,
          4,
          4,
          2,
          2,
          1,
          1,
          2,
          2,
          2,
          1,
          1,
          null,
          1,
          1,
          null,
          2,
          2,
          null,
          null,
          4,
          2,
          null,
          4,
          2,
          null,
          null,
          null,
          null,
          null,
          1,
          2,
          2,
          null,
          2,
          0,
          null,
          2,
          2,
          2,
          1,
          null,
          2,
          1,
          null,
          null,
          null,
          null,
          null,
          null,
          1,
          2,
          null,
          null,
          1,
          2,
          2,
          1,
          null,
          2,
          null,
          2,
          4,
          2,
          null,
          null,
          null,
          1,
          20,
          20,
          20,
          20,
          null,
          null,
          1,
          0,
          null,
          null,
          1,
          0,
          null,
          null,
          1,
          1,
          null,
          null,
          1,
          1,
          1,
          2,
          2,
          2,
          null,
          2,
          null,
          null,
          1,
          null,
          null,
          1,
          null,
          1,
          29,
          null,
          null,
          null,
          1,
          45,
          null,
          null
        ]
      },
      "/csce431/ExchangeNomination/ExchangeNomination/lib/common_stuff.rb": {
        "lines": [
          1,
          1,
          9,
          9,
          9,
          1,
          null,
          8,
          null,
          null,
          null
        ]
      },
      "/csce431/ExchangeNomination/ExchangeNomination/app/controllers/application_controller.rb": {
        "lines": [
          1,
          1,
          null
        ]
      },
      "/csce431/ExchangeNomination/ExchangeNomination/app/controllers/admins/omniauth_callbacks_controller.rb": {
        "lines": [
          1,
          1,
          56,
          null,
          56,
          56,
          56,
          56,
          null,
          0,
          0,
          null,
          null,
          null,
          1,
          null,
          1,
          0,
          null,
          null,
          1,
          56,
          null,
          null,
          1,
          null,
          1,
          56,
          null,
          null,
          null,
          null,
          null,
          null,
          null,
          1,
          224,
          null,
          null
        ]
      },
      "/csce431/ExchangeNomination/ExchangeNomination/app/controllers/students_controller.rb": {
        "lines": [
          1,
          1,
          1,
          1,
          1,
          null,
          null,
          1,
          22,
          null,
          null,
          null,
          1,
          63,
          63,
          63,
          null,
          null,
          63,
          63,
          55,
          55,
          null,
          null,
          null,
          null,
          1,
          23,
          23,
          null,
          null,
          null,
          1,
          21,
          21,
          21,
          null,
          null,
          null,
          1,
          20,
          null,
          null,
          null,
          1,
          16,
          16,
          16,
          16,
          16,
          16,
          null,
          null,
          null,
          null,
          null,
          null,
          null,
          null,
          null,
          1,
          null,
          null,
          null,
          1,
          null,
          null,
          null,
          1,
          22,
          null,
          22,
          22,
          20,
          0,
          0,
          0,
          null,
          20,
          20,
          3,
          null,
          17,
          null,
          40,
          20,
          null,
          4,
          2,
          null,
          null,
          null,
          null,
          null,
          1,
          19,
          19,
          19,
          19,
          null,
          19,
          0,
          null,
          19,
          19,
          16,
          4,
          4,
          4,
          null,
          16,
          2,
          null,
          14,
          null,
          16,
          32,
          16,
          null,
          6,
          3,
          null,
          null,
          null,
          null,
          null,
          null,
          1,
          5,
          5,
          5,
          5,
          null,
          5,
          1,
          null,
          4,
          4,
          3,
          1,
          2,
          1,
          null,
          6,
          3,
          null,
          2,
          1,
          null,
          null,
          null,
          null,
          null,
          null,
          1,
          5,
          5,
          5,
          5,
          null,
          5,
          1,
          4,
          0,
          null,
          4,
          4,
          3,
          1,
          2,
          1,
          null,
          6,
          3,
          null,
          2,
          1,
          null,
          null,
          null,
          null,
          null,
          null,
          1,
          3,
          null,
          null,
          1,
          3,
          3,
          0,
          0,
          null,
          null,
          3,
          null,
          3,
          6,
          3,
          null,
          null,
          null,
          1,
          1,
          null,
          null,
          1,
          1,
          1,
          1,
          0,
          0,
          null,
          null,
          1,
          null,
          1,
          2,
          1,
          null,
          null,
          null,
          1,
          1,
          1,
          1,
          1,
          null,
          1,
          1,
          1,
          1,
          null,
          null,
          null,
          null,
          1,
          0,
          0,
          0,
          0,
          null,
          0,
          null,
          0,
          0,
          null,
          null,
          null,
          1,
          1,
          null,
          null,
          1,
          1,
          1,
          2,
          2,
          null,
          null,
          1,
          null,
          null,
          null,
          1,
          null,
          null,
          1,
          null,
          null,
          null,
          1,
          null,
          1,
          72,
          null,
          null,
          null,
          1,
          49,
          null,
          null
        ]
      },
      "/csce431/ExchangeNomination/ExchangeNomination/app/models/variable.rb": {
        "lines": [
          1,
          1,
          null
        ]
      },
      "/csce431/ExchangeNomination/ExchangeNomination/app/controllers/universities_controller.rb": {
        "lines": [
          1,
          1,
          null,
          null,
          1,
          84,
          84,
          84,
          null,
          null,
          null,
          1,
          1,
          1,
          null,
          null,
          null,
          1,
          41,
          41,
          41,
          41,
          null,
          null,
          null,
          1,
          null,
          null,
          null,
          1,
          43,
          43,
          null,
          43,
          43,
          82,
          41,
          null,
          4,
          2,
          null,
          null,
          null,
          null,
          null,
          1,
          2,
          2,
          2,
          1,
          null,
          2,
          1,
          null,
          null,
          null,
          null,
          null,
          1,
          2,
          null,
          null,
          1,
          2,
          null,
          2,
          4,
          2,
          null,
          null,
          null,
          1,
          3,
          null,
          3,
          3,
          1,
          1,
          1,
          2,
          1,
          1,
          1,
          null,
          null,
          null,
          null,
          null,
          1,
          5,
          null,
          5,
          3,
          3,
          4,
          4,
          null,
          3,
          2,
          1,
          1,
          1,
          null,
          null,
          null,
          null,
          null,
          1,
          1,
          null,
          null,
          1,
          1,
          1,
          2,
          null,
          null,
          1,
          null,
          null,
          1,
          1,
          null,
          null,
          1,
          1,
          1,
          null,
          2,
          2,
          2,
          null,
          null,
          2,
          2,
          null,
          1,
          null,
          null,
          1,
          null,
          1,
          6,
          null,
          null,
          null,
          1,
          45,
          null,
          null
        ]
      },
      "/csce431/ExchangeNomination/ExchangeNomination/app/controllers/questions_controller.rb": {
        "lines": [
          1,
          1,
          null,
          null,
          1,
          5,
          null,
          null,
          null,
          1,
          null,
          null,
          null,
          1,
          10,
          null,
          null,
          null,
          1,
          null,
          null,
          null,
          1,
          14,
          null,
          14,
          14,
          20,
          10,
          null,
          8,
          4,
          null,
          null,
          null,
          null,
          null,
          1,
          2,
          2,
          2,
          1,
          null,
          2,
          1,
          null,
          null,
          null,
          null,
          null,
          1,
          1,
          null,
          null,
          1,
          1,
          0,
          0,
          null,
          null,
          1,
          1,
          2,
          1,
          null,
          null,
          null,
          1,
          0,
          null,
          null,
          1,
          0,
          0,
          0,
          null,
          null,
          0,
          null,
          null,
          1,
          null,
          1,
          16,
          null,
          null,
          null,
          1,
          16,
          null,
          null
        ]
      },
      "/csce431/ExchangeNomination/ExchangeNomination/app/controllers/authorizeds_controller.rb": {
        "lines": [
          1,
          1,
          null,
          null,
          1,
          1,
          null,
          null,
          null,
          1,
          null,
          null,
          null,
          1,
          0,
          null,
          null,
          null,
          1,
          null,
          null,
          null,
          1,
          0,
          null,
          0,
          0,
          0,
          0,
          null,
          0,
          0,
          null,
          null,
          null,
          null,
          null,
          1,
          0,
          0,
          0,
          0,
          null,
          0,
          0,
          null,
          null,
          null,
          null,
          null,
          1,
          0,
          0,
          0,
          0,
          null,
          null,
          null,
          1,
          null,
          1,
          0,
          null,
          null,
          null,
          1,
          0,
          null,
          null
        ]
      },
      "/csce431/ExchangeNomination/ExchangeNomination/app/controllers/admins/sessions_controller.rb": {
        "lines": [
          1,
          1,
          1,
          null,
          null,
          1,
          0,
          null,
          null
        ]
      },
      "/csce431/ExchangeNomination/ExchangeNomination/app/controllers/answers_controller.rb": {
        "lines": [
          1,
          1,
          1,
          null,
          null,
          1,
          14,
          null,
          null,
          null,
          1,
          null,
          null,
          null,
          1,
          7,
          null,
          null,
          null,
          1,
          null,
          null,
          null,
          1,
          7,
          null,
          7,
          7,
          14,
          7,
          null,
          0,
          0,
          null,
          null,
          null,
          null,
          null,
          1,
          2,
          2,
          2,
          1,
          null,
          2,
          1,
          null,
          null,
          null,
          null,
          null,
          1,
          1,
          null,
          null,
          1,
          1,
          1,
          2,
          1,
          null,
          null,
          null,
          1,
          1,
          33,
          null,
          null,
          null,
          1,
          4,
          null,
          null,
          null,
          1,
          9,
          null,
          null
        ]
      },
      "/csce431/ExchangeNomination/ExchangeNomination/app/mailers/confirmation_mailer.rb": {
        "lines": [
          1,
          1,
          1,
          16,
          16,
          16,
          null,
          null
        ]
      },
      "/csce431/ExchangeNomination/ExchangeNomination/app/mailers/application_mailer.rb": {
        "lines": [
          1,
          1,
          1,
          null
        ]
      },
      "/csce431/ExchangeNomination/ExchangeNomination/app/controllers/responses_controller.rb": {
        "lines": [
          1,
          1,
          1,
          null,
          1,
          0,
          null,
          null,
          null,
          1,
          null,
          null,
          null,
          1,
          0,
          null,
          null,
          null,
          1,
          null,
          null,
          1,
          null,
          null,
          null,
          1,
          0,
          0,
          null,
          0,
          0,
          0,
          0,
          null,
          0,
          0,
          null,
          null,
          null,
          null,
          null,
          1,
          0,
          0,
          0,
          0,
          null,
          0,
          0,
          null,
          null,
          null,
          null,
          1,
          2,
          2,
          4,
          2,
          null,
          0,
          0,
          null,
          null,
          null,
          null,
          null,
          1,
          0,
          null,
          null,
          1,
          0,
          null,
          null,
          1,
          0,
          null,
          null,
          1,
          0,
          0,
          0,
          null,
          0,
          null,
          null,
          1,
          1,
          4,
          null,
          null,
          1,
          4,
          null,
          null,
          null,
          1,
          2,
          null,
          null
        ]
      }
    },
    "timestamp": 1649698283
  }
}
